<?xml version="1.0" encoding="UTF-8"?>
<!-- Generated by org.testng.reporters.JUnitXMLReporter -->
<testsuite ignored="0" hostname="LAPTOP-NJ6KKULS" failures="0" tests="6" name="Test" time="17.783" errors="0" timestamp="2020-06-02T12:36:19 IST">
  <testcase classname="listeners.TestNGListnerDemo" name="test1" time="0.008"/>
  <testcase classname="listeners.TestNGListnerDemo" name="test2" time="17.728"/>
  <testcase classname="listeners.TestNGListnerDemo" name="test3" time="0.002"/>
  <testcase classname="listeners.TestNGListnerDemo2" name="test4" time="0.001"/>
  <testcase classname="listeners.TestNGListnerDemo2" name="test5" time="0.002"/>
  <testcase classname="listeners.TestNGListnerDemo2" name="test6" time="0.002">
    <skipped/>
  </testcase> <!-- test6 -->
</testsuite> <!-- Test -->
