<?xml version="1.0" encoding="UTF-8"?>
<testng-results ignored="0" total="1" passed="1" failed="0" skipped="0">
  <reporter-output>
  </reporter-output>
  <suite started-at="2020-06-05T18:51:46 IST" name="Suite" finished-at="2020-06-05T18:51:46 IST" duration-ms="88">
    <groups>
    </groups>
    <test started-at="2020-06-05T18:51:46 IST" name="Test" finished-at="2020-06-05T18:51:46 IST" duration-ms="88">
      <class name="Package_TestNG.ParameterisedTests">
        <test-method signature="test(java.lang.String)[pri:0, instance:Package_TestNG.ParameterisedTests@4c9f8c13]" started-at="2020-06-05T18:51:46 IST" name="test" finished-at="2020-06-05T18:51:46 IST" duration-ms="16" status="PASS">
          <params>
            <param index="0">
              <value>
                <![CDATA[HarshPriya]]>
              </value>
            </param>
          </params>
          <reporter-output>
          </reporter-output>
        </test-method> <!-- test -->
      </class> <!-- Package_TestNG.ParameterisedTests -->
    </test> <!-- Test -->
  </suite> <!-- Suite -->
</testng-results>
