<?xml version="1.0" encoding="UTF-8"?>
<testng-results ignored="0" total="1" passed="1" failed="0" skipped="0">
  <reporter-output>
  </reporter-output>
  <suite started-at="2020-06-02T18:44:12 IST" name="Default suite" finished-at="2020-06-02T18:44:21 IST" duration-ms="9011">
    <groups>
    </groups>
    <test started-at="2020-06-02T18:44:12 IST" name="Default test" finished-at="2020-06-02T18:44:21 IST" duration-ms="9011">
      <class name="HeadlessBrowsers.headlessChromeDemo">
        <test-method signature="test()[pri:0, instance:HeadlessBrowsers.headlessChromeDemo@7f552bd3]" started-at="2020-06-02T18:44:12 IST" name="test" finished-at="2020-06-02T18:44:21 IST" duration-ms="8981" status="PASS">
          <reporter-output>
          </reporter-output>
        </test-method> <!-- test -->
      </class> <!-- HeadlessBrowsers.headlessChromeDemo -->
    </test> <!-- Default test -->
  </suite> <!-- Default suite -->
</testng-results>
