<?xml version="1.0" encoding="UTF-8"?>
<!-- Generated by org.testng.reporters.JUnitXMLReporter -->
<testsuite ignored="2" hostname="DESKTOP-NSNAOTG" failures="0" tests="2" name="Test2" time="0.062" errors="0" timestamp="2020-05-16T14:47:16 IST">
  <testcase classname="GroupinginTestNG.GroupsDemo" name="test2" time="0.009"/>
  <testcase classname="GroupinginTestNG.GroupsDemo" name="test3" time="0.002"/>
  <testcase classname="GroupinginTestNG.GroupsDemo" name="test1" time="0.0">
    <ignored/>
  </testcase> <!-- test1 -->
  <testcase classname="GroupinginTestNG.GroupsDemo" name="test4" time="0.0">
    <ignored/>
  </testcase> <!-- test4 -->
</testsuite> <!-- Test2 -->
